State table
-----------

state 0

   *start* --> . expr *eoi*    (rule 1)

   *default* : Error
   NUMBER : shift and goto state 4
   LAMBDA : shift and goto state 3
   LPAREN : shift and goto state 2
   VAR : shift and goto state 1

state 1

   term --> VAR .    (rule 4)

   *default* : reduce using rule 4

state 2

   term --> LPAREN . expr RPAREN    (rule 11)

   *default* : Error
   NUMBER : shift and goto state 4
   LAMBDA : shift and goto state 3
   LPAREN : shift and goto state 2
   VAR : shift and goto state 1

state 3

   term --> LAMBDA . VAR DOT expr    (rule 6)

   *default* : Error
   VAR : shift and goto state 8

state 4

   term --> NUMBER .    (rule 5)

   *default* : reduce using rule 5

state 5

   expr --> term .    (rule 3)

   *default* : reduce using rule 3

state 6

   *start* --> expr . *eoi*    (rule 1)
   expr --> expr . term    (rule 2)
   term --> expr . + expr    (rule 7)
   term --> expr . - expr    (rule 8)
   term --> expr . * expr    (rule 9)
   term --> expr . / expr    (rule 10)

   *default* : Error
   *eoi* : shift and goto state 13
   NUMBER : shift and goto state 4
   LAMBDA : shift and goto state 3
   LPAREN : shift and goto state 2
   VAR : shift and goto state 1
   + : shift and goto state 12
   - : shift and goto state 11
   * : shift and goto state 10
   / : shift and goto state 9

state 7

   expr --> expr . term    (rule 2)
   term --> expr . + expr    (rule 7)
   term --> expr . - expr    (rule 8)
   term --> expr . * expr    (rule 9)
   term --> expr . / expr    (rule 10)
   term --> LPAREN expr . RPAREN    (rule 11)

   *default* : Error
   NUMBER : shift and goto state 4
   LAMBDA : shift and goto state 3
   LPAREN : shift and goto state 2
   RPAREN : shift and goto state 16
   VAR : shift and goto state 1
   + : shift and goto state 12
   - : shift and goto state 11
   * : shift and goto state 10
   / : shift and goto state 9

state 8

   term --> LAMBDA VAR . DOT expr    (rule 6)

   *default* : Error
   DOT : shift and goto state 17

state 9

   term --> expr / . expr    (rule 10)

   *default* : Error
   NUMBER : shift and goto state 4
   LAMBDA : shift and goto state 3
   LPAREN : shift and goto state 2
   VAR : shift and goto state 1

state 10

   term --> expr * . expr    (rule 9)

   *default* : Error
   NUMBER : shift and goto state 4
   LAMBDA : shift and goto state 3
   LPAREN : shift and goto state 2
   VAR : shift and goto state 1

state 11

   term --> expr - . expr    (rule 8)

   *default* : Error
   NUMBER : shift and goto state 4
   LAMBDA : shift and goto state 3
   LPAREN : shift and goto state 2
   VAR : shift and goto state 1

state 12

   term --> expr + . expr    (rule 7)

   *default* : Error
   NUMBER : shift and goto state 4
   LAMBDA : shift and goto state 3
   LPAREN : shift and goto state 2
   VAR : shift and goto state 1

state 13

   *start* --> expr *eoi* .    (rule 1)

   *default* : reduce using rule 1
   *eoi* : Accept input

state 14

   expr --> expr term .    (rule 2)
   expr --> term .    (rule 3)

   *default* : reduce using rule 2

state 15

   expr --> expr . term    (rule 2)
   term --> expr . + expr    (rule 7)
   term --> expr . - expr    (rule 8)
   term --> expr . * expr    (rule 9)
   term --> expr . / expr    (rule 10)

   *default* : Error
   NUMBER : shift and goto state 4
   LAMBDA : shift and goto state 3
   LPAREN : shift and goto state 2
   VAR : shift and goto state 1
   + : shift and goto state 12
   - : shift and goto state 11
   * : shift and goto state 10
   / : shift and goto state 9

state 16

   term --> LPAREN expr RPAREN .    (rule 11)

   *default* : reduce using rule 11

state 17

   term --> LAMBDA VAR DOT . expr    (rule 6)

   *default* : Error
   NUMBER : shift and goto state 4
   LAMBDA : shift and goto state 3
   LPAREN : shift and goto state 2
   VAR : shift and goto state 1

state 18

   expr --> expr . term    (rule 2)
   term --> expr . + expr    (rule 7)
   term --> expr . - expr    (rule 8)
   term --> expr . * expr    (rule 9)
   term --> expr . / expr    (rule 10)
   term --> expr / expr .    (rule 10)

   *default* : reduce using rule 10
   NUMBER : shift and goto state 4
   LAMBDA : shift and goto state 3
   LPAREN : shift and goto state 2
   VAR : shift and goto state 1
   + : shift and goto state 12
   - : shift and goto state 11
   * : shift and goto state 10
   / : shift and goto state 9

state 19

   expr --> expr . term    (rule 2)
   term --> expr . + expr    (rule 7)
   term --> expr . - expr    (rule 8)
   term --> expr . * expr    (rule 9)
   term --> expr * expr .    (rule 9)
   term --> expr . / expr    (rule 10)

   *default* : reduce using rule 9
   NUMBER : shift and goto state 4
   LAMBDA : shift and goto state 3
   LPAREN : shift and goto state 2
   VAR : shift and goto state 1
   + : shift and goto state 12
   - : shift and goto state 11
   * : shift and goto state 10
   / : shift and goto state 9

state 20

   expr --> expr . term    (rule 2)
   term --> expr . + expr    (rule 7)
   term --> expr . - expr    (rule 8)
   term --> expr - expr .    (rule 8)
   term --> expr . * expr    (rule 9)
   term --> expr . / expr    (rule 10)

   *default* : reduce using rule 8
   NUMBER : shift and goto state 4
   LAMBDA : shift and goto state 3
   LPAREN : shift and goto state 2
   VAR : shift and goto state 1
   + : shift and goto state 12
   - : shift and goto state 11
   * : shift and goto state 10
   / : shift and goto state 9

state 21

   expr --> expr . term    (rule 2)
   term --> expr . + expr    (rule 7)
   term --> expr + expr .    (rule 7)
   term --> expr . - expr    (rule 8)
   term --> expr . * expr    (rule 9)
   term --> expr . / expr    (rule 10)

   *default* : reduce using rule 7
   NUMBER : shift and goto state 4
   LAMBDA : shift and goto state 3
   LPAREN : shift and goto state 2
   VAR : shift and goto state 1
   + : shift and goto state 12
   - : shift and goto state 11
   * : shift and goto state 10
   / : shift and goto state 9

state 22

   expr --> expr . term    (rule 2)
   term --> LAMBDA VAR DOT expr .    (rule 6)
   term --> expr . + expr    (rule 7)
   term --> expr . - expr    (rule 8)
   term --> expr . * expr    (rule 9)
   term --> expr . / expr    (rule 10)

   *default* : reduce using rule 6
   NUMBER : shift and goto state 4
   LAMBDA : shift and goto state 3
   LPAREN : shift and goto state 2
   VAR : shift and goto state 1
   + : shift and goto state 12
   - : shift and goto state 11
   * : shift and goto state 10
   / : shift and goto state 9

